{"/Users/fael/projects/crud-usuarios/src/database/prisma.provider.js": {"path":"/Users/fael/projects/crud-usuarios/src/database/prisma.provider.js","statementMap":{"0":{"start":{"line":3,"column":15},"end":{"line":3,"column":33}},"1":{"start":{"line":6,"column":2},"end":{"line":8,"column":4}},"2":{"start":{"line":7,"column":43},"end":{"line":7,"column":62}}},"fnMap":{"0":{"name":"exclude","decl":{"start":{"line":5,"column":9},"end":{"line":5,"column":16}},"loc":{"start":{"line":5,"column":29},"end":{"line":9,"column":1}},"line":5},"1":{"name":"(anonymous_1)","decl":{"start":{"line":7,"column":32},"end":{"line":7,"column":33}},"loc":{"start":{"line":7,"column":43},"end":{"line":7,"column":62}},"line":7}},"branchMap":{},"s":{"0":2,"1":26,"2":208},"f":{"0":26,"1":208},"b":{},"_coverageSchema":"1a1c01bbd47fc00a2c39e90264f33305004495a9","hash":"9d341065301a5761964174f0f3ac9f9ec2f3fd08"}
,"/Users/fael/projects/crud-usuarios/src/services/auth.service.js": {"path":"/Users/fael/projects/crud-usuarios/src/services/auth.service.js","statementMap":{"0":{"start":{"line":7,"column":4},"end":{"line":7,"column":56}},"1":{"start":{"line":7,"column":16},"end":{"line":7,"column":56}},"2":{"start":{"line":8,"column":4},"end":{"line":8,"column":55}},"3":{"start":{"line":8,"column":16},"end":{"line":8,"column":55}},"4":{"start":{"line":10,"column":23},"end":{"line":14,"column":6}},"5":{"start":{"line":16,"column":4},"end":{"line":18,"column":5}},"6":{"start":{"line":17,"column":6},"end":{"line":17,"column":54}},"7":{"start":{"line":19,"column":28},"end":{"line":22,"column":5}},"8":{"start":{"line":24,"column":4},"end":{"line":26,"column":5}},"9":{"start":{"line":25,"column":6},"end":{"line":25,"column":54}},"10":{"start":{"line":28,"column":22},"end":{"line":35,"column":6}},"11":{"start":{"line":37,"column":18},"end":{"line":44,"column":5}},"12":{"start":{"line":46,"column":4},"end":{"line":52,"column":6}},"13":{"start":{"line":56,"column":30},"end":{"line":56,"column":41}},"14":{"start":{"line":57,"column":4},"end":{"line":59,"column":5}},"15":{"start":{"line":58,"column":6},"end":{"line":58,"column":71}},"16":{"start":{"line":61,"column":22},"end":{"line":61,"column":46}},"17":{"start":{"line":62,"column":4},"end":{"line":75,"column":5}},"18":{"start":{"line":63,"column":22},"end":{"line":63,"column":59}},"19":{"start":{"line":65,"column":6},"end":{"line":67,"column":7}},"20":{"start":{"line":66,"column":8},"end":{"line":66,"column":69}},"21":{"start":{"line":69,"column":34},"end":{"line":69,"column":41}},"22":{"start":{"line":70,"column":6},"end":{"line":70,"column":41}},"23":{"start":{"line":72,"column":6},"end":{"line":72,"column":20}},"24":{"start":{"line":74,"column":6},"end":{"line":74,"column":66}}},"fnMap":{"0":{"name":"(anonymous_0)","decl":{"start":{"line":6,"column":2},"end":{"line":6,"column":3}},"loc":{"start":{"line":6,"column":29},"end":{"line":53,"column":3}},"line":6},"1":{"name":"(anonymous_1)","decl":{"start":{"line":55,"column":2},"end":{"line":55,"column":3}},"loc":{"start":{"line":55,"column":30},"end":{"line":76,"column":3}},"line":55}},"branchMap":{"0":{"loc":{"start":{"line":7,"column":4},"end":{"line":7,"column":56}},"type":"if","locations":[{"start":{"line":7,"column":4},"end":{"line":7,"column":56}},{"start":{},"end":{}}],"line":7},"1":{"loc":{"start":{"line":8,"column":4},"end":{"line":8,"column":55}},"type":"if","locations":[{"start":{"line":8,"column":4},"end":{"line":8,"column":55}},{"start":{},"end":{}}],"line":8},"2":{"loc":{"start":{"line":16,"column":4},"end":{"line":18,"column":5}},"type":"if","locations":[{"start":{"line":16,"column":4},"end":{"line":18,"column":5}},{"start":{},"end":{}}],"line":16},"3":{"loc":{"start":{"line":24,"column":4},"end":{"line":26,"column":5}},"type":"if","locations":[{"start":{"line":24,"column":4},"end":{"line":26,"column":5}},{"start":{},"end":{}}],"line":24},"4":{"loc":{"start":{"line":57,"column":4},"end":{"line":59,"column":5}},"type":"if","locations":[{"start":{"line":57,"column":4},"end":{"line":59,"column":5}},{"start":{},"end":{}}],"line":57},"5":{"loc":{"start":{"line":65,"column":6},"end":{"line":67,"column":7}},"type":"if","locations":[{"start":{"line":65,"column":6},"end":{"line":67,"column":7}},{"start":{},"end":{}}],"line":65}},"s":{"0":7,"1":1,"2":6,"3":1,"4":5,"5":5,"6":0,"7":5,"8":5,"9":1,"10":4,"11":4,"12":4,"13":0,"14":0,"15":0,"16":0,"17":0,"18":0,"19":0,"20":0,"21":0,"22":0,"23":0,"24":0},"f":{"0":7,"1":0},"b":{"0":[1,6],"1":[1,5],"2":[0,5],"3":[1,4],"4":[0,0],"5":[0,0]},"_coverageSchema":"1a1c01bbd47fc00a2c39e90264f33305004495a9","hash":"184054c27e6d6b6d6846aecee81c4e100aa3b132"}
,"/Users/fael/projects/crud-usuarios/src/services/user.service.js": {"path":"/Users/fael/projects/crud-usuarios/src/services/user.service.js","statementMap":{"0":{"start":{"line":7,"column":18},"end":{"line":13,"column":66}},"1":{"start":{"line":13,"column":21},"end":{"line":13,"column":65}},"2":{"start":{"line":13,"column":40},"end":{"line":13,"column":64}},"3":{"start":{"line":15,"column":4},"end":{"line":15,"column":17}},"4":{"start":{"line":19,"column":4},"end":{"line":19,"column":49}},"5":{"start":{"line":19,"column":13},"end":{"line":19,"column":49}},"6":{"start":{"line":21,"column":17},"end":{"line":30,"column":5}},"7":{"start":{"line":32,"column":4},"end":{"line":32,"column":36}},"8":{"start":{"line":36,"column":23},"end":{"line":42,"column":5}},"9":{"start":{"line":44,"column":4},"end":{"line":46,"column":5}},"10":{"start":{"line":45,"column":6},"end":{"line":45,"column":45}},"11":{"start":{"line":48,"column":4},"end":{"line":48,"column":88}},"12":{"start":{"line":48,"column":31},"end":{"line":48,"column":88}},"13":{"start":{"line":50,"column":20},"end":{"line":61,"column":5}},"14":{"start":{"line":63,"column":17},"end":{"line":63,"column":68}},"15":{"start":{"line":65,"column":4},"end":{"line":65,"column":16}},"16":{"start":{"line":69,"column":4},"end":{"line":69,"column":49}},"17":{"start":{"line":69,"column":13},"end":{"line":69,"column":49}},"18":{"start":{"line":71,"column":23},"end":{"line":77,"column":5}},"19":{"start":{"line":79,"column":4},"end":{"line":81,"column":5}},"20":{"start":{"line":80,"column":6},"end":{"line":80,"column":48}},"21":{"start":{"line":82,"column":4},"end":{"line":82,"column":102}},"22":{"start":{"line":82,"column":45},"end":{"line":82,"column":102}},"23":{"start":{"line":84,"column":4},"end":{"line":91,"column":7}},"24":{"start":{"line":95,"column":4},"end":{"line":95,"column":49}},"25":{"start":{"line":95,"column":13},"end":{"line":95,"column":49}},"26":{"start":{"line":97,"column":23},"end":{"line":103,"column":5}},"27":{"start":{"line":105,"column":4},"end":{"line":107,"column":5}},"28":{"start":{"line":106,"column":6},"end":{"line":106,"column":48}},"29":{"start":{"line":109,"column":4},"end":{"line":115,"column":6}},"30":{"start":{"line":119,"column":4},"end":{"line":119,"column":49}},"31":{"start":{"line":119,"column":13},"end":{"line":119,"column":49}},"32":{"start":{"line":121,"column":23},"end":{"line":127,"column":5}},"33":{"start":{"line":129,"column":4},"end":{"line":131,"column":5}},"34":{"start":{"line":130,"column":6},"end":{"line":130,"column":48}},"35":{"start":{"line":133,"column":4},"end":{"line":141,"column":6}},"36":{"start":{"line":145,"column":4},"end":{"line":145,"column":49}},"37":{"start":{"line":145,"column":13},"end":{"line":145,"column":49}},"38":{"start":{"line":147,"column":24},"end":{"line":153,"column":5}},"39":{"start":{"line":155,"column":4},"end":{"line":157,"column":5}},"40":{"start":{"line":156,"column":6},"end":{"line":156,"column":48}},"41":{"start":{"line":159,"column":4},"end":{"line":169,"column":6}}},"fnMap":{"0":{"name":"(anonymous_0)","decl":{"start":{"line":6,"column":2},"end":{"line":6,"column":3}},"loc":{"start":{"line":6,"column":20},"end":{"line":16,"column":3}},"line":6},"1":{"name":"(anonymous_1)","decl":{"start":{"line":13,"column":11},"end":{"line":13,"column":12}},"loc":{"start":{"line":13,"column":21},"end":{"line":13,"column":65}},"line":13},"2":{"name":"(anonymous_2)","decl":{"start":{"line":13,"column":30},"end":{"line":13,"column":31}},"loc":{"start":{"line":13,"column":40},"end":{"line":13,"column":64}},"line":13},"3":{"name":"(anonymous_3)","decl":{"start":{"line":18,"column":2},"end":{"line":18,"column":3}},"loc":{"start":{"line":18,"column":23},"end":{"line":33,"column":3}},"line":18},"4":{"name":"(anonymous_4)","decl":{"start":{"line":35,"column":2},"end":{"line":35,"column":3}},"loc":{"start":{"line":35,"column":21},"end":{"line":66,"column":3}},"line":35},"5":{"name":"(anonymous_5)","decl":{"start":{"line":68,"column":2},"end":{"line":68,"column":3}},"loc":{"start":{"line":68,"column":25},"end":{"line":92,"column":3}},"line":68},"6":{"name":"(anonymous_6)","decl":{"start":{"line":94,"column":2},"end":{"line":94,"column":3}},"loc":{"start":{"line":94,"column":19},"end":{"line":116,"column":3}},"line":94},"7":{"name":"(anonymous_7)","decl":{"start":{"line":118,"column":2},"end":{"line":118,"column":3}},"loc":{"start":{"line":118,"column":35},"end":{"line":142,"column":3}},"line":118},"8":{"name":"(anonymous_8)","decl":{"start":{"line":144,"column":2},"end":{"line":144,"column":3}},"loc":{"start":{"line":144,"column":35},"end":{"line":170,"column":3}},"line":144}},"branchMap":{"0":{"loc":{"start":{"line":19,"column":4},"end":{"line":19,"column":49}},"type":"if","locations":[{"start":{"line":19,"column":4},"end":{"line":19,"column":49}},{"start":{},"end":{}}],"line":19},"1":{"loc":{"start":{"line":44,"column":4},"end":{"line":46,"column":5}},"type":"if","locations":[{"start":{"line":44,"column":4},"end":{"line":46,"column":5}},{"start":{},"end":{}}],"line":44},"2":{"loc":{"start":{"line":48,"column":4},"end":{"line":48,"column":88}},"type":"if","locations":[{"start":{"line":48,"column":4},"end":{"line":48,"column":88}},{"start":{},"end":{}}],"line":48},"3":{"loc":{"start":{"line":69,"column":4},"end":{"line":69,"column":49}},"type":"if","locations":[{"start":{"line":69,"column":4},"end":{"line":69,"column":49}},{"start":{},"end":{}}],"line":69},"4":{"loc":{"start":{"line":79,"column":4},"end":{"line":81,"column":5}},"type":"if","locations":[{"start":{"line":79,"column":4},"end":{"line":81,"column":5}},{"start":{},"end":{}}],"line":79},"5":{"loc":{"start":{"line":82,"column":4},"end":{"line":82,"column":102}},"type":"if","locations":[{"start":{"line":82,"column":4},"end":{"line":82,"column":102}},{"start":{},"end":{}}],"line":82},"6":{"loc":{"start":{"line":82,"column":8},"end":{"line":82,"column":43}},"type":"binary-expr","locations":[{"start":{"line":82,"column":8},"end":{"line":82,"column":18}},{"start":{"line":82,"column":22},"end":{"line":82,"column":43}}],"line":82},"7":{"loc":{"start":{"line":89,"column":15},"end":{"line":89,"column":71}},"type":"cond-expr","locations":[{"start":{"line":89,"column":28},"end":{"line":89,"column":59}},{"start":{"line":89,"column":62},"end":{"line":89,"column":71}}],"line":89},"8":{"loc":{"start":{"line":95,"column":4},"end":{"line":95,"column":49}},"type":"if","locations":[{"start":{"line":95,"column":4},"end":{"line":95,"column":49}},{"start":{},"end":{}}],"line":95},"9":{"loc":{"start":{"line":105,"column":4},"end":{"line":107,"column":5}},"type":"if","locations":[{"start":{"line":105,"column":4},"end":{"line":107,"column":5}},{"start":{},"end":{}}],"line":105},"10":{"loc":{"start":{"line":119,"column":4},"end":{"line":119,"column":49}},"type":"if","locations":[{"start":{"line":119,"column":4},"end":{"line":119,"column":49}},{"start":{},"end":{}}],"line":119},"11":{"loc":{"start":{"line":129,"column":4},"end":{"line":131,"column":5}},"type":"if","locations":[{"start":{"line":129,"column":4},"end":{"line":131,"column":5}},{"start":{},"end":{}}],"line":129},"12":{"loc":{"start":{"line":145,"column":4},"end":{"line":145,"column":49}},"type":"if","locations":[{"start":{"line":145,"column":4},"end":{"line":145,"column":49}},{"start":{},"end":{}}],"line":145},"13":{"loc":{"start":{"line":155,"column":4},"end":{"line":157,"column":5}},"type":"if","locations":[{"start":{"line":155,"column":4},"end":{"line":157,"column":5}},{"start":{},"end":{}}],"line":155}},"s":{"0":1,"1":1,"2":24,"3":1,"4":3,"5":0,"6":3,"7":2,"8":4,"9":4,"10":1,"11":3,"12":1,"13":2,"14":2,"15":2,"16":2,"17":0,"18":2,"19":2,"20":1,"21":1,"22":0,"23":1,"24":0,"25":0,"26":0,"27":0,"28":0,"29":0,"30":0,"31":0,"32":0,"33":0,"34":0,"35":0,"36":0,"37":0,"38":0,"39":0,"40":0,"41":0},"f":{"0":1,"1":1,"2":24,"3":3,"4":4,"5":2,"6":0,"7":0,"8":0},"b":{"0":[0,3],"1":[1,3],"2":[1,2],"3":[0,2],"4":[1,1],"5":[0,1],"6":[1,1],"7":[1,0],"8":[0,0],"9":[0,0],"10":[0,0],"11":[0,0],"12":[0,0],"13":[0,0]},"_coverageSchema":"1a1c01bbd47fc00a2c39e90264f33305004495a9","hash":"da29fc52b6f8d5d640034386da66be95f0b7f2ae"}
}
