TN:
SF:src/database/prisma.provider.js
FN:5,exclude
FN:7,(anonymous_1)
FNF:2
FNH:2
FNDA:24,exclude
FNDA:192,(anonymous_1)
DA:3,2
DA:6,24
DA:7,192
LF:3
LH:3
BRF:0
BRH:0
end_of_record
TN:
SF:src/services/auth.service.js
FN:6,(anonymous_0)
FN:55,(anonymous_1)
FNF:2
FNH:1
FNDA:7,(anonymous_0)
FNDA:0,(anonymous_1)
DA:7,7
DA:8,6
DA:10,5
DA:16,5
DA:17,0
DA:19,5
DA:24,5
DA:25,1
DA:28,4
DA:37,4
DA:46,4
DA:56,0
DA:57,0
DA:58,0
DA:61,0
DA:62,0
DA:63,0
DA:65,0
DA:66,0
DA:69,0
DA:70,0
DA:72,0
DA:74,0
LF:23
LH:10
BRDA:7,0,0,1
BRDA:7,0,1,6
BRDA:8,1,0,1
BRDA:8,1,1,5
BRDA:16,2,0,0
BRDA:16,2,1,5
BRDA:24,3,0,1
BRDA:24,3,1,4
BRDA:57,4,0,0
BRDA:57,4,1,0
BRDA:65,5,0,0
BRDA:65,5,1,0
BRF:12
BRH:7
end_of_record
TN:
SF:src/services/user.service.js
FN:6,(anonymous_0)
FN:13,(anonymous_1)
FN:13,(anonymous_2)
FN:18,(anonymous_3)
FN:35,(anonymous_4)
FN:68,(anonymous_5)
FN:94,(anonymous_6)
FN:118,(anonymous_7)
FN:144,(anonymous_8)
FNF:9
FNH:6
FNDA:1,(anonymous_0)
FNDA:1,(anonymous_1)
FNDA:22,(anonymous_2)
FNDA:3,(anonymous_3)
FNDA:4,(anonymous_4)
FNDA:2,(anonymous_5)
FNDA:0,(anonymous_6)
FNDA:0,(anonymous_7)
FNDA:0,(anonymous_8)
DA:7,1
DA:13,22
DA:15,1
DA:19,3
DA:21,3
DA:32,2
DA:36,4
DA:44,4
DA:45,1
DA:48,3
DA:50,2
DA:63,2
DA:65,2
DA:69,2
DA:71,2
DA:79,2
DA:80,1
DA:82,1
DA:84,1
DA:95,0
DA:97,0
DA:105,0
DA:106,0
DA:109,0
DA:119,0
DA:121,0
DA:129,0
DA:130,0
DA:133,0
DA:145,0
DA:147,0
DA:155,0
DA:156,0
DA:159,0
LF:34
LH:19
BRDA:19,0,0,0
BRDA:19,0,1,3
BRDA:44,1,0,1
BRDA:44,1,1,3
BRDA:48,2,0,1
BRDA:48,2,1,2
BRDA:69,3,0,0
BRDA:69,3,1,2
BRDA:79,4,0,1
BRDA:79,4,1,1
BRDA:82,5,0,0
BRDA:82,5,1,1
BRDA:82,6,0,1
BRDA:82,6,1,1
BRDA:89,7,0,1
BRDA:89,7,1,0
BRDA:95,8,0,0
BRDA:95,8,1,0
BRDA:105,9,0,0
BRDA:105,9,1,0
BRDA:119,10,0,0
BRDA:119,10,1,0
BRDA:129,11,0,0
BRDA:129,11,1,0
BRDA:145,12,0,0
BRDA:145,12,1,0
BRDA:155,13,0,0
BRDA:155,13,1,0
BRF:28
BRH:12
end_of_record
